 
****************************************
Report : timing
        -path full
        -delay max
        -max_paths 1
Design : LBP
Version: Q-2019.12
Date   : Thu Jun 29 14:35:29 2023
****************************************

Operating Conditions: slow   Library: slow
Wire Load Model Mode: top

  Startpoint: gray_data[4]
              (input port clocked by clk)
  Endpoint: lbp_data_reg[7]
            (rising edge-triggered flip-flop clocked by clk)
  Path Group: clk
  Path Type: max

  Des/Clust/Port     Wire Load Model       Library
  ------------------------------------------------
  LBP                tsmc13_wl10           slow

  Point                                    Incr       Path
  -----------------------------------------------------------
  clock clk (rise edge)                    0.00       0.00
  clock network delay (ideal)              0.50       0.50
  input external delay                     5.00       5.50 f
  gray_data[4] (in)                        0.03       5.53 f
  U679/Y (BUFX6)                           0.14       5.67 f
  U360/Y (AND2X6)                          0.15       5.82 f
  U367/Y (NOR3X6)                          0.13       5.95 r
  U395/Y (OAI21X4)                         0.11       6.06 f
  U384/Y (NOR2X8)                          0.14       6.20 r
  U263/Y (INVX20)                          0.09       6.29 f
  U420/Y (NAND3X6)                         0.07       6.36 r
  U416/Y (OAI31X2)                         0.11       6.47 f
  lbp_data_reg[7]/D (DFFRHQX4)             0.00       6.47 f
  data arrival time                                   6.47

  clock clk (rise edge)                    6.00       6.00
  clock network delay (ideal)              0.50       6.50
  clock uncertainty                       -0.10       6.40
  lbp_data_reg[7]/CK (DFFRHQX4)            0.00       6.40 r
  library setup time                      -0.16       6.24
  data required time                                  6.24
  -----------------------------------------------------------
  data required time                                  6.24
  data arrival time                                  -6.47
  -----------------------------------------------------------
  slack (VIOLATED)                                   -0.23


1
